c:\users\user\desktop\kursach\kursach\debug\vc120.pdb
c:\users\user\desktop\kursach\kursach\debug\mainform.obj
c:\users\user\desktop\kursach\kursach\debug\celliterator.obj
c:\users\user\desktop\kursach\kursach\debug\cell.obj
c:\users\user\desktop\kursach\kursach\debug\breedmap.obj
c:\users\user\desktop\kursach\kursach\debug\.netframework,version=v4.5.assemblyattributes.obj
c:\users\user\desktop\kursach\kursach\debug\kursach.mainform.resources
c:\users\user\desktop\kursach\debug\kursach.exe
c:\users\user\desktop\kursach\debug\kursach.pdb
c:\users\user\desktop\kursach\kursach\debug\kursach.vcxproj.generateresource.cache
c:\users\user\desktop\kursach\kursach\debug\kursach.vcxprojresolveassemblyreference.cache
c:\users\user\desktop\kursach\kursach\debug\kursach.tlog\cl.command.1.tlog
c:\users\user\desktop\kursach\kursach\debug\kursach.tlog\cl.read.1.tlog
c:\users\user\desktop\kursach\kursach\debug\kursach.tlog\cl.write.1.tlog
c:\users\user\desktop\kursach\kursach\debug\kursach.tlog\kursach.write.1u.tlog
c:\users\user\desktop\kursach\kursach\debug\kursach.tlog\link.command.1.tlog
c:\users\user\desktop\kursach\kursach\debug\kursach.tlog\link.read.1.tlog
c:\users\user\desktop\kursach\kursach\debug\kursach.tlog\link.write.1.tlog
c:\users\user\desktop\kursach\kursach\debug\kursach.tlog\metagen.read.1.tlog
c:\users\user\desktop\kursach\kursach\debug\kursach.tlog\metagen.write.1.tlog
c:\users\user\desktop\kursach\kursach\debug\kursach.tlog\tzres.dll.bi
